\BOOKMARK [1][-]{section.1}{\376\377\000P\000r\000e\000l\000i\000m\000i\000n\000a\000r\000i\000e\000s}{}% 1
\BOOKMARK [2][-]{subsection.1.1}{\376\377\000P\000r\000o\000b\000a\000b\000i\000l\000i\000t\000y\000\040\000b\000a\000s\000i\000c\000s}{section.1}% 2
\BOOKMARK [2][-]{subsection.1.2}{\376\377\000C\000o\000m\000p\000l\000e\000t\000e\000n\000e\000s\000s\000\040\000c\000o\000n\000d\000i\000t\000i\000o\000n}{section.1}% 3
\BOOKMARK [1][-]{section.2}{\376\377\000D\000e\000n\000s\000i\000t\000y\000\040\000f\000u\000n\000c\000t\000i\000o\000n\000\040\000a\000n\000d\000\040\000k\000e\000r\000n\000e\000l\000\040\000e\000s\000t\000i\000m\000a\000t\000i\000o\000n}{}% 4
\BOOKMARK [2][-]{subsection.2.1}{\376\377\000D\000e\000n\000s\000i\000t\000y\000\040\000f\000u\000n\000c\000t\000i\000o\000n}{section.2}% 5
\BOOKMARK [2][-]{subsection.2.2}{\376\377\000D\000e\000n\000s\000i\000t\000y\000\040\000f\000u\000n\000c\000t\000i\000o\000n\000\040\000e\000s\000t\000i\000m\000a\000t\000i\000o\000n}{section.2}% 6
\BOOKMARK [2][-]{subsection.2.3}{\376\377\000K\000e\000r\000n\000e\000l\000s\000\040\000e\000s\000t\000i\000m\000a\000t\000o\000r\000s}{section.2}% 7
\BOOKMARK [2][-]{subsection.2.4}{\376\377\000P\000e\000r\000f\000o\000r\000m\000a\000n\000c\000e\000\040\000a\000n\000a\000l\000y\000s\000i\000s}{section.2}% 8
\BOOKMARK [1][-]{section.3}{\376\377\000S\000o\000b\000o\000l\000e\000v\000\040\000c\000l\000a\000s\000s\000\040\000a\000n\000d\000\040\000s\000y\000m\000m\000e\000t\000r\000i\000c\000\040\000k\000e\000r\000n\000e\000l}{}% 9
\BOOKMARK [2][-]{subsection.3.1}{\376\377\000R\000e\000v\000i\000e\000w\000\040\000o\000f\000\040\000F\000o\000u\000r\000i\000e\000r\000\040\000t\000r\000a\000n\000s\000f\000o\000r\000m}{section.3}% 10
\BOOKMARK [2][-]{subsection.3.2}{\376\377\000S\000o\000b\000o\000l\000e\000v\000\040\000c\000l\000a\000s\000s}{section.3}% 11
\BOOKMARK [2][-]{subsection.3.3}{\376\377\000S\000y\000m\000m\000e\000t\000r\000i\000c\000\040\000k\000e\000r\000n\000e\000l}{section.3}% 12
\BOOKMARK [1][-]{section.4}{\376\377\000M\000I\000S\000E\000\040\000a\000n\000d\000\040\000C\000r\000o\000s\000s\000\040\000v\000a\000l\000i\000d\000a\000t\000i\000o\000n}{}% 13
\BOOKMARK [2][-]{subsection.4.1}{\376\377\000M\000I\000S\000E}{section.4}% 14
\BOOKMARK [2][-]{subsection.4.2}{\376\377\000C\000r\000o\000s\000s\000\040\000v\000a\000l\000i\000d\000a\000t\000i\000o\000n}{section.4}% 15
\BOOKMARK [2][-]{subsection.4.3}{\376\377\000E\000x\000t\000e\000n\000s\000i\000o\000n}{section.4}% 16
\BOOKMARK [1][-]{section.5}{\376\377\000O\000t\000h\000e\000r\000\040\000t\000y\000p\000e\000s\000\040\000o\000f\000\040\000n\000o\000n\000-\000p\000a\000r\000a\000m\000e\000t\000r\000i\000c\000\040\000e\000s\000t\000i\000m\000a\000t\000o\000r\000s}{}% 17
\BOOKMARK [2][-]{subsection.5.1}{\376\377\000O\000r\000t\000h\000o\000g\000o\000n\000a\000l\000\040\000s\000e\000r\000i\000e\000s\000\040\000e\000s\000t\000i\000m\000a\000t\000o\000r\000s}{section.5}% 18
\BOOKMARK [1][-]{section.6}{\376\377\000R\000e\000g\000r\000e\000s\000s\000i\000o\000n\000\040\000F\000u\000n\000c\000t\000i\000o\000n\000\040\000E\000s\000t\000i\000m\000a\000t\000i\000o\000n}{}% 19
\BOOKMARK [2][-]{subsection.6.1}{\376\377\000I\000n\000t\000r\000o\000d\000u\000c\000t\000i\000o\000n\000:\000\040\000a\000v\000e\000r\000a\000g\000e\000\040\000e\000f\000f\000e\000c\000t\000\040\000o\000f\000\040\000X\000\040\000o\000n\000\040\000Y}{section.6}% 20
